[debug] [2023-09-23T22:18:16.574Z] ----------------------------------------------------------------------
[debug] [2023-09-23T22:18:16.576Z] Command:       C:\Program Files\nodejs\node.exe C:\Users\athar\AppData\Roaming\npm\node_modules\firebase-tools\lib\bin\firebase.js init
[debug] [2023-09-23T22:18:16.576Z] CLI Version:   12.5.4
[debug] [2023-09-23T22:18:16.576Z] Platform:      win32
[debug] [2023-09-23T22:18:16.576Z] Node Version:  v16.16.0
[debug] [2023-09-23T22:18:16.577Z] Time:          Sun Sep 24 2023 03:48:16 GMT+0530 (India Standard Time)
[debug] [2023-09-23T22:18:16.577Z] ----------------------------------------------------------------------
[debug] 
[debug] [2023-09-23T22:18:16.583Z] > command requires scopes: ["email","openid","https://www.googleapis.com/auth/cloudplatformprojects.readonly","https://www.googleapis.com/auth/firebase","https://www.googleapis.com/auth/cloud-platform"]
[debug] [2023-09-23T22:18:16.584Z] > authorizing via signed-in user (apdk.2017@gmail.com)
[info] 
     ######## #### ########  ######## ########     ###     ######  ########
     ##        ##  ##     ## ##       ##     ##  ##   ##  ##       ##
     ######    ##  ########  ######   ########  #########  ######  ######
     ##        ##  ##    ##  ##       ##     ## ##     ##       ## ##
     ##       #### ##     ## ######## ########  ##     ##  ######  ########

You're about to initialize a Firebase project in this directory:

  C:\Users\athar\Downloads\masterPortfolio-master\atharvkulkarni

[info] 
=== Project Setup
[info] 
[info] First, let's associate this project directory with a Firebase project.
[info] You can create multiple project aliases by running firebase use --add, 
[info] but for now we'll just set up a default project.
[info] 
[info] i  If you want to create a project in a Google Cloud organization or folder, please use "firebase projects:create" instead, and return to this command when you've created the project. 
[debug] [2023-09-23T22:18:48.898Z] >>> [apiv2][query] POST https://cloudresourcemanager.googleapis.com/v1/projects [none]
[debug] [2023-09-23T22:18:48.898Z] >>> [apiv2][body] POST https://cloudresourcemanager.googleapis.com/v1/projects {"projectId":"atharvkulkarni","name":"atharvkulkarni"}
[debug] [2023-09-23T22:18:51.770Z] <<< [apiv2][status] POST https://cloudresourcemanager.googleapis.com/v1/projects 200
[debug] [2023-09-23T22:18:51.770Z] <<< [apiv2][body] POST https://cloudresourcemanager.googleapis.com/v1/projects {"name":"operations/cp.5197856735773860499"}
[debug] [2023-09-23T22:18:51.772Z] >>> [apiv2][query] GET https://cloudresourcemanager.googleapis.com/v1/operations/cp.5197856735773860499 [none]
[debug] [2023-09-23T22:18:53.998Z] <<< [apiv2][status] GET https://cloudresourcemanager.googleapis.com/v1/operations/cp.5197856735773860499 200
[debug] [2023-09-23T22:18:53.999Z] <<< [apiv2][body] GET https://cloudresourcemanager.googleapis.com/v1/operations/cp.5197856735773860499 {"name":"operations/cp.5197856735773860499"}
[debug] [2023-09-23T22:18:54.505Z] [Project Creation Poller] Retrying task index 0
[debug] [2023-09-23T22:18:54.506Z] >>> [apiv2][query] GET https://cloudresourcemanager.googleapis.com/v1/operations/cp.5197856735773860499 [none]
[debug] [2023-09-23T22:18:56.498Z] <<< [apiv2][status] GET https://cloudresourcemanager.googleapis.com/v1/operations/cp.5197856735773860499 200
[debug] [2023-09-23T22:18:56.498Z] <<< [apiv2][body] GET https://cloudresourcemanager.googleapis.com/v1/operations/cp.5197856735773860499 {"name":"operations/cp.5197856735773860499","metadata":{"@type":"type.googleapis.com/google.cloudresourcemanager.v1.ProjectCreationStatus","gettable":true,"ready":true},"done":true,"response":{"@type":"type.googleapis.com/google.cloudresourcemanager.v1.Project","projectNumber":"952819596118","projectId":"atharvkulkarni","lifecycleState":"ACTIVE","name":"atharvkulkarni","createTime":"2023-09-23T22:18:53.531Z"}}
[debug] [2023-09-23T22:18:56.502Z] >>> [apiv2][query] POST https://firebase.googleapis.com/v1beta1/projects/atharvkulkarni:addFirebase [none]
[debug] [2023-09-23T22:18:58.478Z] <<< [apiv2][status] POST https://firebase.googleapis.com/v1beta1/projects/atharvkulkarni:addFirebase 403
[debug] [2023-09-23T22:18:58.478Z] <<< [apiv2][body] POST https://firebase.googleapis.com/v1beta1/projects/atharvkulkarni:addFirebase {"error":{"code":403,"message":"The caller does not have permission","status":"PERMISSION_DENIED"}}
[debug] [2023-09-23T22:18:58.479Z] HTTP Error: 403, The caller does not have permission
[debug] [2023-09-23T22:18:58.887Z] FirebaseError: HTTP Error: 403, The caller does not have permission
    at responseToError (C:\Users\athar\AppData\Roaming\npm\node_modules\firebase-tools\lib\responseToError.js:49:12)
    at RetryOperation._fn (C:\Users\athar\AppData\Roaming\npm\node_modules\firebase-tools\lib\apiv2.js:285:77)
    at processTicksAndRejections (node:internal/process/task_queues:96:5)
[error] 
[error] Error: Failed to add Firebase to Google Cloud Platform project. See firebase-debug.log for more info.
[debug] [2023-09-23T22:20:19.002Z] ----------------------------------------------------------------------
[debug] [2023-09-23T22:20:19.003Z] Command:       C:\Program Files\nodejs\node.exe C:\Users\athar\AppData\Roaming\npm\node_modules\firebase-tools\lib\bin\firebase.js init
[debug] [2023-09-23T22:20:19.004Z] CLI Version:   12.5.4
[debug] [2023-09-23T22:20:19.004Z] Platform:      win32
[debug] [2023-09-23T22:20:19.004Z] Node Version:  v16.16.0
[debug] [2023-09-23T22:20:19.005Z] Time:          Sun Sep 24 2023 03:50:19 GMT+0530 (India Standard Time)
[debug] [2023-09-23T22:20:19.005Z] ----------------------------------------------------------------------
[debug] 
[debug] [2023-09-23T22:20:19.011Z] > command requires scopes: ["email","openid","https://www.googleapis.com/auth/cloudplatformprojects.readonly","https://www.googleapis.com/auth/firebase","https://www.googleapis.com/auth/cloud-platform"]
[debug] [2023-09-23T22:20:19.015Z] > authorizing via signed-in user (apdk.2017@gmail.com)
[info] 
     ######## #### ########  ######## ########     ###     ######  ########
     ##        ##  ##     ## ##       ##     ##  ##   ##  ##       ##
     ######    ##  ########  ######   ########  #########  ######  ######
     ##        ##  ##    ##  ##       ##     ## ##     ##       ## ##
     ##       #### ##     ## ######## ########  ##     ##  ######  ########

You're about to initialize a Firebase project in this directory:

  C:\Users\athar\Downloads\masterPortfolio-master\atharvkulkarni

[info] 
=== Project Setup
[info] 
[info] First, let's associate this project directory with a Firebase project.
[info] You can create multiple project aliases by running firebase use --add, 
[info] but for now we'll just set up a default project.
[info] 
[info] i  If you want to create a project in a Google Cloud organization or folder, please use "firebase projects:create" instead, and return to this command when you've created the project. 
[debug] [2023-09-23T22:21:10.167Z] >>> [apiv2][query] POST https://cloudresourcemanager.googleapis.com/v1/projects [none]
[debug] [2023-09-23T22:21:10.167Z] >>> [apiv2][body] POST https://cloudresourcemanager.googleapis.com/v1/projects {"projectId":"atharv77","name":"atharvkulkarni"}
[debug] [2023-09-23T22:21:12.253Z] <<< [apiv2][status] POST https://cloudresourcemanager.googleapis.com/v1/projects 200
[debug] [2023-09-23T22:21:12.253Z] <<< [apiv2][body] POST https://cloudresourcemanager.googleapis.com/v1/projects {"name":"operations/cp.5510934256859095579"}
[debug] [2023-09-23T22:21:12.255Z] >>> [apiv2][query] GET https://cloudresourcemanager.googleapis.com/v1/operations/cp.5510934256859095579 [none]
[debug] [2023-09-23T22:21:14.237Z] <<< [apiv2][status] GET https://cloudresourcemanager.googleapis.com/v1/operations/cp.5510934256859095579 200
[debug] [2023-09-23T22:21:14.238Z] <<< [apiv2][body] GET https://cloudresourcemanager.googleapis.com/v1/operations/cp.5510934256859095579 {"name":"operations/cp.5510934256859095579"}
[debug] [2023-09-23T22:21:14.740Z] [Project Creation Poller] Retrying task index 0
[debug] [2023-09-23T22:21:14.741Z] >>> [apiv2][query] GET https://cloudresourcemanager.googleapis.com/v1/operations/cp.5510934256859095579 [none]
[debug] [2023-09-23T22:21:16.743Z] <<< [apiv2][status] GET https://cloudresourcemanager.googleapis.com/v1/operations/cp.5510934256859095579 200
[debug] [2023-09-23T22:21:16.744Z] <<< [apiv2][body] GET https://cloudresourcemanager.googleapis.com/v1/operations/cp.5510934256859095579 {"name":"operations/cp.5510934256859095579","metadata":{"@type":"type.googleapis.com/google.cloudresourcemanager.v1.ProjectCreationStatus","gettable":true,"ready":true},"done":true,"response":{"@type":"type.googleapis.com/google.cloudresourcemanager.v1.Project","projectNumber":"648637639266","projectId":"atharv77","lifecycleState":"ACTIVE","name":"atharvkulkarni","createTime":"2023-09-23T22:21:14.338Z"}}
[debug] [2023-09-23T22:21:16.750Z] >>> [apiv2][query] POST https://firebase.googleapis.com/v1beta1/projects/atharv77:addFirebase [none]
[debug] [2023-09-23T22:21:18.316Z] <<< [apiv2][status] POST https://firebase.googleapis.com/v1beta1/projects/atharv77:addFirebase 403
[debug] [2023-09-23T22:21:18.316Z] <<< [apiv2][body] POST https://firebase.googleapis.com/v1beta1/projects/atharv77:addFirebase {"error":{"code":403,"message":"The caller does not have permission","status":"PERMISSION_DENIED"}}
[debug] [2023-09-23T22:21:18.318Z] HTTP Error: 403, The caller does not have permission
[debug] [2023-09-23T22:21:18.792Z] FirebaseError: HTTP Error: 403, The caller does not have permission
    at responseToError (C:\Users\athar\AppData\Roaming\npm\node_modules\firebase-tools\lib\responseToError.js:49:12)
    at RetryOperation._fn (C:\Users\athar\AppData\Roaming\npm\node_modules\firebase-tools\lib\apiv2.js:285:77)
    at processTicksAndRejections (node:internal/process/task_queues:96:5)
[error] 
[error] Error: Failed to add Firebase to Google Cloud Platform project. See firebase-debug.log for more info.
